  [1m[35m (0.5ms)[0m  [1m[35mCREATE DATABASE "SharePasCher_development" ENCODING = 'unicode'[0m
  ↳ bin/rails:9
  [1m[35m (0.6ms)[0m  [1m[35mCREATE DATABASE "SharePasCher_test" ENCODING = 'unicode'[0m
  ↳ bin/rails:9
  [1m[35m (130.1ms)[0m  [1m[35mDROP DATABASE IF EXISTS "SharePasCher_development"[0m
  ↳ bin/rails:9
  [1m[35m (127.0ms)[0m  [1m[35mDROP DATABASE IF EXISTS "SharePasCher_test"[0m
  ↳ bin/rails:9
  [1m[35m (621.5ms)[0m  [1m[35mCREATE DATABASE "SharePasCher_development" ENCODING = 'unicode'[0m
  ↳ bin/rails:9
  [1m[35m (635.8ms)[0m  [1m[35mCREATE DATABASE "SharePasCher_test" ENCODING = 'unicode'[0m
  ↳ bin/rails:9
  [1m[35m (127.6ms)[0m  [1m[35mDROP DATABASE IF EXISTS "SharePasCher_development"[0m
  ↳ bin/rails:9
  [1m[35m (125.8ms)[0m  [1m[35mDROP DATABASE IF EXISTS "SharePasCher_test"[0m
  ↳ bin/rails:9
  [1m[35m (594.2ms)[0m  [1m[35mCREATE DATABASE "SharePasCher_development" ENCODING = 'unicode'[0m
  ↳ bin/rails:9
  [1m[35m (623.9ms)[0m  [1m[35mCREATE DATABASE "SharePasCher_test" ENCODING = 'unicode'[0m
  ↳ bin/rails:9
  [1m[35m (40.3ms)[0m  [1m[35mCREATE TABLE "schema_migrations" ("version" character varying NOT NULL PRIMARY KEY)[0m
  ↳ bin/rails:9
  [1m[35m (10.8ms)[0m  [1m[35mCREATE TABLE "ar_internal_metadata" ("key" character varying NOT NULL PRIMARY KEY, "value" character varying, "created_at" timestamp NOT NULL, "updated_at" timestamp NOT NULL)[0m
  ↳ bin/rails:9
  [1m[35m (0.8ms)[0m  [1m[34mSELECT pg_try_advisory_lock(7857703137504431400)[0m
  ↳ bin/rails:9
  [1m[35m (0.7ms)[0m  [1m[34mSELECT "schema_migrations"."version" FROM "schema_migrations" ORDER BY "schema_migrations"."version" ASC[0m
  ↳ bin/rails:9
Migrating to CreateUsers (20210317123552)
  [1m[35m (0.5ms)[0m  [1m[35mBEGIN[0m
  ↳ bin/rails:9
  [1m[35m (14.8ms)[0m  [1m[35mCREATE TABLE "users" ("id" bigserial primary key, "email" character varying, "first_name" character varying, "last_name" character varying, "birth_day" timestamp, "age" integer, "gender" character varying, "city_id" bigint, "created_at" timestamp NOT NULL, "updated_at" timestamp NOT NULL)[0m
  ↳ db/migrate/20210317123552_create_users.rb:3
  [1m[35m (4.6ms)[0m  [1m[35mCREATE  INDEX  "index_users_on_city_id" ON "users"  ("city_id")[0m
  ↳ db/migrate/20210317123552_create_users.rb:3
  [1m[36mActiveRecord::SchemaMigration Create (5.8ms)[0m  [1m[32mINSERT INTO "schema_migrations" ("version") VALUES ($1) RETURNING "version"[0m  [["version", "20210317123552"]]
  ↳ bin/rails:9
  [1m[35m (1.6ms)[0m  [1m[35mCOMMIT[0m
  ↳ bin/rails:9
Migrating to CreateEvents (20210317123718)
  [1m[35m (0.2ms)[0m  [1m[35mBEGIN[0m
  ↳ bin/rails:9
  [1m[35m (2.4ms)[0m  [1m[31mROLLBACK[0m
  ↳ bin/rails:9
  [1m[35m (0.3ms)[0m  [1m[34mSELECT pg_advisory_unlock(7857703137504431400)[0m
  ↳ bin/rails:9
  [1m[35m (0.2ms)[0m  [1m[34mSELECT pg_try_advisory_lock(7857703137504431400)[0m
  ↳ bin/rails:9
  [1m[35m (1.0ms)[0m  [1m[34mSELECT "schema_migrations"."version" FROM "schema_migrations" ORDER BY "schema_migrations"."version" ASC[0m
  ↳ bin/rails:9
Migrating to CreateEvents (20210317123718)
  [1m[35m (0.2ms)[0m  [1m[35mBEGIN[0m
  ↳ bin/rails:9
  [1m[35m (12.5ms)[0m  [1m[35mCREATE TABLE "events" ("id" bigserial primary key, "title" character varying, "description" text, "date" timestamp, "guests_number" integer, "city_id" bigint, "created_at" timestamp NOT NULL, "updated_at" timestamp NOT NULL)[0m
  ↳ db/migrate/20210317123718_create_events.rb:3
  [1m[35m (3.5ms)[0m  [1m[35mCREATE  INDEX  "index_events_on_city_id" ON "events"  ("city_id")[0m
  ↳ db/migrate/20210317123718_create_events.rb:3
  [1m[36mActiveRecord::SchemaMigration Create (0.8ms)[0m  [1m[32mINSERT INTO "schema_migrations" ("version") VALUES ($1) RETURNING "version"[0m  [["version", "20210317123718"]]
  ↳ bin/rails:9
  [1m[35m (2.2ms)[0m  [1m[35mCOMMIT[0m
  ↳ bin/rails:9
Migrating to CreateTags (20210317123746)
  [1m[35m (0.9ms)[0m  [1m[35mBEGIN[0m
  ↳ bin/rails:9
  [1m[35m (8.5ms)[0m  [1m[35mCREATE TABLE "tags" ("id" bigserial primary key, "tag_name" character varying, "created_at" timestamp NOT NULL, "updated_at" timestamp NOT NULL)[0m
  ↳ db/migrate/20210317123746_create_tags.rb:3
  [1m[36mActiveRecord::SchemaMigration Create (2.0ms)[0m  [1m[32mINSERT INTO "schema_migrations" ("version") VALUES ($1) RETURNING "version"[0m  [["version", "20210317123746"]]
  ↳ bin/rails:9
  [1m[35m (2.8ms)[0m  [1m[35mCOMMIT[0m
  ↳ bin/rails:9
Migrating to CreateCities (20210317123852)
  [1m[35m (2.2ms)[0m  [1m[35mBEGIN[0m
  ↳ bin/rails:9
  [1m[35m (10.5ms)[0m  [1m[35mCREATE TABLE "cities" ("id" bigserial primary key, "city_name" character varying, "created_at" timestamp NOT NULL, "updated_at" timestamp NOT NULL)[0m
  ↳ db/migrate/20210317123852_create_cities.rb:3
  [1m[36mActiveRecord::SchemaMigration Create (0.3ms)[0m  [1m[32mINSERT INTO "schema_migrations" ("version") VALUES ($1) RETURNING "version"[0m  [["version", "20210317123852"]]
  ↳ bin/rails:9
  [1m[35m (1.6ms)[0m  [1m[35mCOMMIT[0m
  ↳ bin/rails:9
Migrating to CreateAppointments (20210317123902)
  [1m[35m (1.2ms)[0m  [1m[35mBEGIN[0m
  ↳ bin/rails:9
  [1m[35m (5.5ms)[0m  [1m[35mCREATE TABLE "appointments" ("id" bigserial primary key, "user_id" bigint, "event_id" bigint, "created_at" timestamp NOT NULL, "updated_at" timestamp NOT NULL)[0m
  ↳ db/migrate/20210317123902_create_appointments.rb:3
  [1m[35m (2.6ms)[0m  [1m[35mCREATE  INDEX  "index_appointments_on_user_id" ON "appointments"  ("user_id")[0m
  ↳ db/migrate/20210317123902_create_appointments.rb:3
  [1m[35m (2.5ms)[0m  [1m[35mCREATE  INDEX  "index_appointments_on_event_id" ON "appointments"  ("event_id")[0m
  ↳ db/migrate/20210317123902_create_appointments.rb:3
  [1m[36mActiveRecord::SchemaMigration Create (0.2ms)[0m  [1m[32mINSERT INTO "schema_migrations" ("version") VALUES ($1) RETURNING "version"[0m  [["version", "20210317123902"]]
  ↳ bin/rails:9
  [1m[35m (2.2ms)[0m  [1m[35mCOMMIT[0m
  ↳ bin/rails:9
Migrating to CreateFilters (20210317123911)
  [1m[35m (0.2ms)[0m  [1m[35mBEGIN[0m
  ↳ bin/rails:9
  [1m[35m (5.4ms)[0m  [1m[35mCREATE TABLE "filters" ("id" bigserial primary key, "event_id" bigint, "tag_id" bigint, "created_at" timestamp NOT NULL, "updated_at" timestamp NOT NULL)[0m
  ↳ db/migrate/20210317123911_create_filters.rb:3
  [1m[35m (2.9ms)[0m  [1m[35mCREATE  INDEX  "index_filters_on_event_id" ON "filters"  ("event_id")[0m
  ↳ db/migrate/20210317123911_create_filters.rb:3
  [1m[35m (2.8ms)[0m  [1m[35mCREATE  INDEX  "index_filters_on_tag_id" ON "filters"  ("tag_id")[0m
  ↳ db/migrate/20210317123911_create_filters.rb:3
  [1m[36mActiveRecord::SchemaMigration Create (0.2ms)[0m  [1m[32mINSERT INTO "schema_migrations" ("version") VALUES ($1) RETURNING "version"[0m  [["version", "20210317123911"]]
  ↳ bin/rails:9
  [1m[35m (1.0ms)[0m  [1m[35mCOMMIT[0m
  ↳ bin/rails:9
  [1m[36mActiveRecord::InternalMetadata Load (1.1ms)[0m  [1m[34mSELECT  "ar_internal_metadata".* FROM "ar_internal_metadata" WHERE "ar_internal_metadata"."key" = $1 LIMIT $2[0m  [["key", "environment"], ["LIMIT", 1]]
  ↳ bin/rails:9
  [1m[35m (0.1ms)[0m  [1m[35mBEGIN[0m
  ↳ bin/rails:9
  [1m[36mActiveRecord::InternalMetadata Create (1.7ms)[0m  [1m[32mINSERT INTO "ar_internal_metadata" ("key", "value", "created_at", "updated_at") VALUES ($1, $2, $3, $4) RETURNING "key"[0m  [["key", "environment"], ["value", "development"], ["created_at", "2021-03-17 12:51:04.554004"], ["updated_at", "2021-03-17 12:51:04.554004"]]
  ↳ bin/rails:9
  [1m[35m (1.0ms)[0m  [1m[35mCOMMIT[0m
  ↳ bin/rails:9
  [1m[35m (0.2ms)[0m  [1m[34mSELECT pg_advisory_unlock(7857703137504431400)[0m
  ↳ bin/rails:9
  [1m[35m (0.8ms)[0m  [1m[34mSELECT "schema_migrations"."version" FROM "schema_migrations" ORDER BY "schema_migrations"."version" ASC[0m
  ↳ bin/rails:9
  [1m[35m (0.8ms)[0m  [1m[34mSELECT "schema_migrations"."version" FROM "schema_migrations" ORDER BY "schema_migrations"."version" ASC[0m
  ↳ bin/rails:9
Started GET "/" for ::1 at 2021-03-17 19:05:47 +0100
  [1m[35m (0.6ms)[0m  [1m[34mSELECT "schema_migrations"."version" FROM "schema_migrations" ORDER BY "schema_migrations"."version" ASC[0m
  ↳ /home/gustave/.rvm/gems/ruby-2.7.1/gems/activerecord-5.2.4.5/lib/active_record/log_subscriber.rb:98
Processing by StaticController#index as HTML
  Rendering static/index.html.erb within layouts/application
  Rendered static/index.html.erb within layouts/application (2.5ms)
Completed 200 OK in 434ms (Views: 430.0ms | ActiveRecord: 0.0ms)


Started GET "/" for ::1 at 2021-03-17 19:07:22 +0100
Processing by StaticController#index as HTML
  Rendering static/index.html.erb within layouts/application
  Rendered static/index.html.erb within layouts/application (0.6ms)
Completed 200 OK in 85ms (Views: 82.6ms | ActiveRecord: 0.0ms)


Started GET "/" for ::1 at 2021-03-17 19:09:23 +0100
Processing by StaticController#index as HTML
  Rendering static/index.html.erb within layouts/application
  Rendered static/index.html.erb within layouts/application (0.2ms)
Completed 200 OK in 43ms (Views: 41.6ms | ActiveRecord: 0.0ms)


Started GET "/" for ::1 at 2021-03-17 19:10:49 +0100
Processing by StaticController#index as HTML
  Rendering static/index.html.erb within layouts/application
  Rendered static/index.html.erb within layouts/application (0.6ms)
Completed 200 OK in 37ms (Views: 35.4ms | ActiveRecord: 0.0ms)


Started GET "/" for ::1 at 2021-03-17 19:12:00 +0100
Processing by StaticController#index as HTML
  Rendering static/index.html.erb within layouts/application
  Rendered static/index.html.erb within layouts/application (0.3ms)
Completed 200 OK in 27ms (Views: 25.4ms | ActiveRecord: 0.0ms)


Started GET "/" for ::1 at 2021-03-17 19:12:26 +0100
Processing by StaticController#index as HTML
  Rendering static/index.html.erb within layouts/application
  Rendered static/index.html.erb within layouts/application (0.3ms)
Completed 200 OK in 27ms (Views: 24.9ms | ActiveRecord: 0.0ms)


Started GET "/" for ::1 at 2021-03-17 19:13:21 +0100
Processing by StaticController#index as HTML
  Rendering static/index.html.erb within layouts/application
  Rendered static/index.html.erb within layouts/application (0.6ms)
Completed 200 OK in 30ms (Views: 27.2ms | ActiveRecord: 0.0ms)


Started GET "/" for ::1 at 2021-03-17 19:15:39 +0100
Processing by StaticController#index as HTML
  Rendering static/index.html.erb within layouts/application
  Rendered static/index.html.erb within layouts/application (0.4ms)
Completed 200 OK in 48ms (Views: 46.7ms | ActiveRecord: 0.0ms)


Started GET "/" for ::1 at 2021-03-17 19:15:54 +0100
Processing by StaticController#index as HTML
  Rendering static/index.html.erb within layouts/application
  Rendered static/index.html.erb within layouts/application (0.3ms)
Completed 200 OK in 68ms (Views: 65.1ms | ActiveRecord: 0.0ms)


Started GET "/" for ::1 at 2021-03-17 19:16:42 +0100
Processing by StaticController#index as HTML
  Rendering static/index.html.erb within layouts/application
  Rendered static/index.html.erb within layouts/application (0.2ms)
Completed 500 Internal Server Error in 49ms (ActiveRecord: 0.0ms)


  
ActionView::Template::Error (No such file or directory @ apply2files - /mnt/c/Users/gusta/Documents/THPNEW/mois3/projetFinal/spc/tmp/cache/assets/sprockets/v3.0/X5/X5fWAwIoEzqacgDB9al8evzGRxvU2eV6R4ysD5d2pyE.cache.14240.15943.8887):
     7: 
     8: 
     9:     <link rel="stylesheet" href="https://cdn.jsdelivr.net/npm/bulma@0.9.1/css/bulma.min.css">
    10:     <%= stylesheet_link_tag    'application', media: 'all', 'data-turbolinks-track': 'reload' %>
    11:     <%= javascript_include_tag 'application', 'data-turbolinks-track': 'reload' %>
    12:   </head>
    13: 
  
app/views/layouts/application.html.erb:10:in `_app_views_layouts_application_html_erb___2087238420146216474_15000'
Started GET "/" for ::1 at 2021-03-17 19:17:04 +0100
Processing by StaticController#index as HTML
  Rendering static/index.html.erb within layouts/application
  Rendered static/index.html.erb within layouts/application (0.2ms)
Completed 200 OK in 25ms (Views: 23.1ms | ActiveRecord: 0.0ms)


Started GET "/" for ::1 at 2021-03-17 19:17:09 +0100
Processing by StaticController#index as HTML
  Rendering static/index.html.erb within layouts/application
  Rendered static/index.html.erb within layouts/application (0.6ms)
Completed 200 OK in 74ms (Views: 72.5ms | ActiveRecord: 0.0ms)


Started GET "/" for ::1 at 2021-03-17 19:18:24 +0100
Processing by StaticController#index as HTML
  Rendering static/index.html.erb within layouts/application
  Rendered static/index.html.erb within layouts/application (0.6ms)
Completed 200 OK in 71ms (Views: 65.8ms | ActiveRecord: 0.0ms)


Started GET "/" for ::1 at 2021-03-17 19:19:43 +0100
Processing by StaticController#index as HTML
  Rendering static/index.html.erb within layouts/application
  Rendered static/index.html.erb within layouts/application (0.5ms)
Completed 200 OK in 42ms (Views: 40.9ms | ActiveRecord: 0.0ms)


Started GET "/" for ::1 at 2021-03-17 19:19:52 +0100
Processing by StaticController#index as HTML
  Rendering static/index.html.erb within layouts/application
  Rendered static/index.html.erb within layouts/application (0.3ms)
Completed 200 OK in 46ms (Views: 44.9ms | ActiveRecord: 0.0ms)


Started GET "/" for ::1 at 2021-03-17 19:20:11 +0100
Processing by StaticController#index as HTML
  Rendering static/index.html.erb within layouts/application
  Rendered static/index.html.erb within layouts/application (0.2ms)
Completed 200 OK in 47ms (Views: 45.7ms | ActiveRecord: 0.0ms)


Started GET "/" for ::1 at 2021-03-17 19:20:24 +0100
Processing by StaticController#index as HTML
  Rendering static/index.html.erb within layouts/application
  Rendered static/index.html.erb within layouts/application (1.4ms)
Completed 200 OK in 90ms (Views: 83.0ms | ActiveRecord: 0.0ms)


Started GET "/" for ::1 at 2021-03-17 19:20:31 +0100
Processing by StaticController#index as HTML
  Rendering static/index.html.erb within layouts/application
  Rendered static/index.html.erb within layouts/application (2.3ms)
Completed 200 OK in 145ms (Views: 138.2ms | ActiveRecord: 0.0ms)


Started GET "/" for ::1 at 2021-03-17 19:21:17 +0100
Processing by StaticController#index as HTML
  Rendering static/index.html.erb within layouts/application
  Rendered static/index.html.erb within layouts/application (1.9ms)
Completed 200 OK in 123ms (Views: 118.3ms | ActiveRecord: 0.0ms)


Started GET "/" for ::1 at 2021-03-17 19:24:02 +0100
Processing by StaticController#index as HTML
  Rendering static/index.html.erb within layouts/application
  Rendered static/index.html.erb within layouts/application (0.9ms)
Completed 200 OK in 100ms (Views: 95.5ms | ActiveRecord: 0.0ms)


Started GET "/" for ::1 at 2021-03-17 19:24:40 +0100
Processing by StaticController#index as HTML
  Rendering static/index.html.erb within layouts/application
  Rendered static/index.html.erb within layouts/application (0.9ms)
Completed 200 OK in 53ms (Views: 51.8ms | ActiveRecord: 0.0ms)


Started GET "/" for ::1 at 2021-03-17 19:25:56 +0100
Processing by StaticController#index as HTML
  Rendering static/index.html.erb within layouts/application
  Rendered static/index.html.erb within layouts/application (1.1ms)
Completed 200 OK in 79ms (Views: 73.5ms | ActiveRecord: 0.0ms)


Started GET "/" for ::1 at 2021-03-17 19:26:19 +0100
Processing by StaticController#index as HTML
  Rendering static/index.html.erb within layouts/application
  Rendered static/index.html.erb within layouts/application (1.1ms)
Completed 200 OK in 129ms (Views: 123.0ms | ActiveRecord: 0.0ms)


Started GET "/" for ::1 at 2021-03-17 19:26:51 +0100
Processing by StaticController#index as HTML
  Rendering static/index.html.erb within layouts/application
  Rendered static/index.html.erb within layouts/application (1.0ms)
Completed 200 OK in 94ms (Views: 91.5ms | ActiveRecord: 0.0ms)


Started GET "/" for ::1 at 2021-03-17 19:27:09 +0100
Processing by StaticController#index as HTML
  Rendering static/index.html.erb within layouts/application
  Rendered static/index.html.erb within layouts/application (0.5ms)
Completed 200 OK in 45ms (Views: 42.7ms | ActiveRecord: 0.0ms)


Started GET "/" for ::1 at 2021-03-17 19:29:42 +0100
Processing by StaticController#index as HTML
  Rendering static/index.html.erb within layouts/application
  Rendered static/index.html.erb within layouts/application (0.4ms)
Completed 200 OK in 49ms (Views: 47.7ms | ActiveRecord: 0.0ms)


Started GET "/" for ::1 at 2021-03-17 19:30:45 +0100
Processing by StaticController#index as HTML
  Rendering static/index.html.erb within layouts/application
  Rendered static/index.html.erb within layouts/application (0.3ms)
Completed 200 OK in 48ms (Views: 45.6ms | ActiveRecord: 0.0ms)


Started GET "/" for ::1 at 2021-03-17 19:31:04 +0100
Processing by StaticController#index as HTML
  Rendering static/index.html.erb within layouts/application
  Rendered static/index.html.erb within layouts/application (1.0ms)
Completed 200 OK in 102ms (Views: 94.5ms | ActiveRecord: 0.0ms)


Started GET "/" for ::1 at 2021-03-17 19:31:13 +0100
Processing by StaticController#index as HTML
  Rendering static/index.html.erb within layouts/application
  Rendered static/index.html.erb within layouts/application (0.2ms)
Completed 200 OK in 44ms (Views: 42.3ms | ActiveRecord: 0.0ms)


Started GET "/" for ::1 at 2021-03-17 19:31:22 +0100
Processing by StaticController#index as HTML
  Rendering static/index.html.erb within layouts/application
  Rendered static/index.html.erb within layouts/application (0.8ms)
Completed 200 OK in 176ms (Views: 170.8ms | ActiveRecord: 0.0ms)


Started GET "/" for ::1 at 2021-03-17 19:31:37 +0100
Processing by StaticController#index as HTML
  Rendering static/index.html.erb within layouts/application
  Rendered static/index.html.erb within layouts/application (0.3ms)
Completed 200 OK in 55ms (Views: 53.6ms | ActiveRecord: 0.0ms)


Started GET "/" for ::1 at 2021-03-17 19:31:54 +0100
Processing by StaticController#index as HTML
  Rendering static/index.html.erb within layouts/application
  Rendered static/index.html.erb within layouts/application (0.4ms)
Completed 200 OK in 47ms (Views: 45.0ms | ActiveRecord: 0.0ms)


Started GET "/" for ::1 at 2021-03-17 19:32:04 +0100
Processing by StaticController#index as HTML
  Rendering static/index.html.erb within layouts/application
  Rendered static/index.html.erb within layouts/application (0.2ms)
Completed 200 OK in 50ms (Views: 48.4ms | ActiveRecord: 0.0ms)


Started GET "/" for ::1 at 2021-03-17 19:32:44 +0100
Processing by StaticController#index as HTML
  Rendering static/index.html.erb within layouts/application
  Rendered static/index.html.erb within layouts/application (0.6ms)
Completed 200 OK in 58ms (Views: 56.0ms | ActiveRecord: 0.0ms)


Started GET "/" for ::1 at 2021-03-17 19:33:21 +0100
Processing by StaticController#index as HTML
  Rendering static/index.html.erb within layouts/application
  Rendered static/index.html.erb within layouts/application (0.4ms)
Completed 200 OK in 120ms (Views: 113.5ms | ActiveRecord: 0.0ms)


Started GET "/" for ::1 at 2021-03-17 19:33:42 +0100
Processing by StaticController#index as HTML
  Rendering static/index.html.erb within layouts/application
  Rendered static/index.html.erb within layouts/application (0.5ms)
Completed 200 OK in 62ms (Views: 59.4ms | ActiveRecord: 0.0ms)


Started GET "/" for ::1 at 2021-03-17 19:41:03 +0100
Processing by StaticController#index as HTML
  Rendering static/index.html.erb within layouts/application
  Rendered static/index.html.erb within layouts/application (0.6ms)
Completed 200 OK in 32ms (Views: 29.2ms | ActiveRecord: 0.0ms)


Started GET "/" for ::1 at 2021-03-17 19:41:16 +0100
Processing by StaticController#index as HTML
  Rendering static/index.html.erb within layouts/application
  Rendered static/index.html.erb within layouts/application (0.3ms)
Completed 200 OK in 53ms (Views: 51.3ms | ActiveRecord: 0.0ms)


Started GET "/" for ::1 at 2021-03-17 19:43:27 +0100
Processing by StaticController#index as HTML
  Rendering static/index.html.erb within layouts/application
  Rendered static/index.html.erb within layouts/application (0.5ms)
Completed 200 OK in 53ms (Views: 50.0ms | ActiveRecord: 0.0ms)


Started GET "/" for ::1 at 2021-03-17 19:47:16 +0100
Processing by StaticController#index as HTML
  Rendering static/index.html.erb within layouts/application
  Rendered static/index.html.erb within layouts/application (0.4ms)
Completed 200 OK in 44ms (Views: 42.0ms | ActiveRecord: 0.0ms)


Started GET "/" for ::1 at 2021-03-17 19:47:28 +0100
Processing by StaticController#index as HTML
  Rendering static/index.html.erb within layouts/application
  Rendered static/index.html.erb within layouts/application (0.4ms)
Completed 200 OK in 48ms (Views: 43.8ms | ActiveRecord: 0.0ms)


Started GET "/" for ::1 at 2021-03-17 19:59:09 +0100
Processing by StaticController#index as HTML
  Rendering static/index.html.erb within layouts/application
  Rendered static/index.html.erb within layouts/application (0.3ms)
Completed 200 OK in 25ms (Views: 23.6ms | ActiveRecord: 0.0ms)


Started GET "/" for ::1 at 2021-03-17 20:01:10 +0100
Processing by StaticController#index as HTML
  Rendering static/index.html.erb within layouts/application
  Rendered static/index.html.erb within layouts/application (0.3ms)
Completed 200 OK in 69ms (Views: 63.7ms | ActiveRecord: 0.0ms)


Started GET "/" for ::1 at 2021-03-17 20:01:19 +0100
Processing by StaticController#index as HTML
  Rendering static/index.html.erb within layouts/application
  Rendered static/index.html.erb within layouts/application (0.4ms)
Completed 200 OK in 58ms (Views: 53.9ms | ActiveRecord: 0.0ms)


Started GET "/" for ::1 at 2021-03-17 20:02:24 +0100
Processing by StaticController#index as HTML
  Rendering static/index.html.erb within layouts/application
  Rendered static/index.html.erb within layouts/application (1.3ms)
Completed 200 OK in 66ms (Views: 61.3ms | ActiveRecord: 0.0ms)


Started GET "/" for ::1 at 2021-03-17 20:02:42 +0100
Processing by StaticController#index as HTML
  Rendering static/index.html.erb within layouts/application
  Rendered static/index.html.erb within layouts/application (0.7ms)
Completed 200 OK in 59ms (Views: 54.3ms | ActiveRecord: 0.0ms)


Started GET "/" for ::1 at 2021-03-17 20:04:15 +0100
Processing by StaticController#index as HTML
  Rendering static/index.html.erb within layouts/application
  Rendered static/index.html.erb within layouts/application (1.4ms)
Completed 200 OK in 97ms (Views: 91.6ms | ActiveRecord: 0.0ms)


Started GET "/" for ::1 at 2021-03-17 20:05:02 +0100
Processing by StaticController#index as HTML
  Rendering static/index.html.erb within layouts/application
  Rendered static/index.html.erb within layouts/application (1.2ms)
Completed 200 OK in 116ms (Views: 112.6ms | ActiveRecord: 0.0ms)


Started GET "/" for ::1 at 2021-03-17 20:06:40 +0100
Processing by StaticController#index as HTML
  Rendering static/index.html.erb within layouts/application
  Rendered static/index.html.erb within layouts/application (0.2ms)
Completed 200 OK in 65ms (Views: 63.3ms | ActiveRecord: 0.0ms)


Started GET "/" for ::1 at 2021-03-17 20:09:54 +0100
Processing by StaticController#index as HTML
  Rendering static/index.html.erb within layouts/application
  Rendered static/index.html.erb within layouts/application (0.5ms)
Completed 200 OK in 64ms (Views: 60.7ms | ActiveRecord: 0.0ms)


Started GET "/" for ::1 at 2021-03-17 20:10:06 +0100
Processing by StaticController#index as HTML
  Rendering static/index.html.erb within layouts/application
  Rendered static/index.html.erb within layouts/application (0.2ms)
Completed 200 OK in 58ms (Views: 56.9ms | ActiveRecord: 0.0ms)


Started GET "/" for ::1 at 2021-03-17 20:44:01 +0100
Processing by StaticController#index as HTML
  Rendering static/index.html.erb within layouts/application
  Rendered static/index.html.erb within layouts/application (0.3ms)
Completed 200 OK in 62ms (Views: 61.0ms | ActiveRecord: 0.0ms)


Started GET "/fleche.svg" for ::1 at 2021-03-17 20:44:01 +0100
  
ActionController::RoutingError (No route matches [GET] "/fleche.svg"):
  
actionpack (5.2.4.5) lib/action_dispatch/middleware/debug_exceptions.rb:65:in `call'
web-console (3.7.0) lib/web_console/middleware.rb:135:in `call_app'
web-console (3.7.0) lib/web_console/middleware.rb:30:in `block in call'
web-console (3.7.0) lib/web_console/middleware.rb:20:in `catch'
web-console (3.7.0) lib/web_console/middleware.rb:20:in `call'
actionpack (5.2.4.5) lib/action_dispatch/middleware/show_exceptions.rb:33:in `call'
railties (5.2.4.5) lib/rails/rack/logger.rb:38:in `call_app'
railties (5.2.4.5) lib/rails/rack/logger.rb:26:in `block in call'
activesupport (5.2.4.5) lib/active_support/tagged_logging.rb:71:in `block in tagged'
activesupport (5.2.4.5) lib/active_support/tagged_logging.rb:28:in `tagged'
activesupport (5.2.4.5) lib/active_support/tagged_logging.rb:71:in `tagged'
railties (5.2.4.5) lib/rails/rack/logger.rb:26:in `call'
sprockets-rails (3.2.2) lib/sprockets/rails/quiet_assets.rb:13:in `call'
actionpack (5.2.4.5) lib/action_dispatch/middleware/remote_ip.rb:81:in `call'
actionpack (5.2.4.5) lib/action_dispatch/middleware/request_id.rb:27:in `call'
rack (2.2.3) lib/rack/method_override.rb:24:in `call'
rack (2.2.3) lib/rack/runtime.rb:22:in `call'
activesupport (5.2.4.5) lib/active_support/cache/strategy/local_cache_middleware.rb:29:in `call'
actionpack (5.2.4.5) lib/action_dispatch/middleware/executor.rb:14:in `call'
actionpack (5.2.4.5) lib/action_dispatch/middleware/static.rb:127:in `call'
rack (2.2.3) lib/rack/sendfile.rb:110:in `call'
railties (5.2.4.5) lib/rails/engine.rb:524:in `call'
puma (3.12.6) lib/puma/configuration.rb:227:in `call'
puma (3.12.6) lib/puma/server.rb:706:in `handle_request'
puma (3.12.6) lib/puma/server.rb:476:in `process_client'
puma (3.12.6) lib/puma/server.rb:334:in `block in run'
puma (3.12.6) lib/puma/thread_pool.rb:135:in `block in spawn_thread'
Started GET "/" for ::1 at 2021-03-17 20:44:33 +0100
Processing by StaticController#index as HTML
  Rendering static/index.html.erb within layouts/application
  Rendered static/index.html.erb within layouts/application (81.5ms)
Completed 200 OK in 114ms (Views: 111.0ms | ActiveRecord: 0.0ms)


Started GET "/" for ::1 at 2021-03-17 20:45:13 +0100
Processing by StaticController#index as HTML
  Rendering static/index.html.erb within layouts/application
  Rendered static/index.html.erb within layouts/application (4.1ms)
Completed 200 OK in 53ms (Views: 50.6ms | ActiveRecord: 0.0ms)


Started GET "/" for ::1 at 2021-03-17 20:45:27 +0100
Processing by StaticController#index as HTML
  Rendering static/index.html.erb within layouts/application
  Rendered static/index.html.erb within layouts/application (5.7ms)
Completed 200 OK in 166ms (Views: 163.5ms | ActiveRecord: 0.0ms)


Started GET "/" for ::1 at 2021-03-17 20:45:29 +0100
Processing by StaticController#index as HTML
  Rendering static/index.html.erb within layouts/application
  Rendered static/index.html.erb within layouts/application (3.1ms)
Completed 200 OK in 50ms (Views: 48.6ms | ActiveRecord: 0.0ms)


Started GET "/" for ::1 at 2021-03-17 20:45:58 +0100
Processing by StaticController#index as HTML
  Rendering static/index.html.erb within layouts/application
  Rendered static/index.html.erb within layouts/application (5.5ms)
Completed 200 OK in 118ms (Views: 112.7ms | ActiveRecord: 0.0ms)


Started GET "/" for ::1 at 2021-03-17 20:46:45 +0100
Processing by StaticController#index as HTML
  Rendering static/index.html.erb within layouts/application
  Rendered static/index.html.erb within layouts/application (6.1ms)
Completed 200 OK in 151ms (Views: 148.8ms | ActiveRecord: 0.0ms)


Started GET "/" for ::1 at 2021-03-17 20:47:05 +0100
Processing by StaticController#index as HTML
  Rendering static/index.html.erb within layouts/application
  Rendered static/index.html.erb within layouts/application (3.2ms)
Completed 200 OK in 53ms (Views: 51.3ms | ActiveRecord: 0.0ms)


Started GET "/" for ::1 at 2021-03-17 20:47:26 +0100
Processing by StaticController#index as HTML
  Rendering static/index.html.erb within layouts/application
  Rendered static/index.html.erb within layouts/application (6.4ms)
Completed 200 OK in 126ms (Views: 117.6ms | ActiveRecord: 0.0ms)


Started GET "/" for ::1 at 2021-03-17 20:47:37 +0100
Processing by StaticController#index as HTML
  Rendering static/index.html.erb within layouts/application
  Rendered static/index.html.erb within layouts/application (5.7ms)
Completed 200 OK in 149ms (Views: 144.9ms | ActiveRecord: 0.0ms)


Started GET "/" for ::1 at 2021-03-17 20:47:53 +0100
Processing by StaticController#index as HTML
  Rendering static/index.html.erb within layouts/application
  Rendered static/index.html.erb within layouts/application (2.1ms)
Completed 200 OK in 55ms (Views: 53.7ms | ActiveRecord: 0.0ms)


Started GET "/" for ::1 at 2021-03-17 20:48:00 +0100
Processing by StaticController#index as HTML
  Rendering static/index.html.erb within layouts/application
  Rendered static/index.html.erb within layouts/application (2.2ms)
Completed 200 OK in 47ms (Views: 44.9ms | ActiveRecord: 0.0ms)


Started GET "/" for ::1 at 2021-03-17 20:48:19 +0100
Processing by StaticController#index as HTML
  Rendering static/index.html.erb within layouts/application
  Rendered static/index.html.erb within layouts/application (6.1ms)
Completed 200 OK in 175ms (Views: 171.0ms | ActiveRecord: 0.0ms)


Started GET "/" for ::1 at 2021-03-17 20:48:30 +0100
Processing by StaticController#index as HTML
  Rendering static/index.html.erb within layouts/application
  Rendered static/index.html.erb within layouts/application (7.5ms)
Completed 200 OK in 155ms (Views: 148.9ms | ActiveRecord: 0.0ms)


Started GET "/" for ::1 at 2021-03-17 20:48:35 +0100
Processing by StaticController#index as HTML
  Rendering static/index.html.erb within layouts/application
  Rendered static/index.html.erb within layouts/application (9.3ms)
Completed 200 OK in 101ms (Views: 95.1ms | ActiveRecord: 0.0ms)


Started GET "/" for ::1 at 2021-03-17 20:50:03 +0100
Processing by StaticController#index as HTML
  Rendering static/index.html.erb within layouts/application
  Rendered static/index.html.erb within layouts/application (5.2ms)
Completed 200 OK in 115ms (Views: 109.5ms | ActiveRecord: 0.0ms)


Started GET "/" for ::1 at 2021-03-17 20:50:11 +0100
Processing by StaticController#index as HTML
  Rendering static/index.html.erb within layouts/application
  Rendered static/index.html.erb within layouts/application (7.8ms)
Completed 200 OK in 99ms (Views: 93.7ms | ActiveRecord: 0.0ms)


Started GET "/" for ::1 at 2021-03-17 20:52:00 +0100
Processing by StaticController#index as HTML
  Rendering static/index.html.erb within layouts/application
  Rendered static/index.html.erb within layouts/application (3.1ms)
Completed 200 OK in 59ms (Views: 57.0ms | ActiveRecord: 0.0ms)


Started GET "/" for ::1 at 2021-03-17 20:52:15 +0100
Processing by StaticController#index as HTML
  Rendering static/index.html.erb within layouts/application
  Rendered static/index.html.erb within layouts/application (2.7ms)
Completed 200 OK in 83ms (Views: 80.2ms | ActiveRecord: 0.0ms)


Started GET "/" for ::1 at 2021-03-17 20:53:41 +0100
Processing by StaticController#index as HTML
  Rendering static/index.html.erb within layouts/application
  Rendered static/index.html.erb within layouts/application (3.0ms)
Completed 200 OK in 56ms (Views: 53.1ms | ActiveRecord: 0.0ms)


Started GET "/" for ::1 at 2021-03-17 20:53:44 +0100
Processing by StaticController#index as HTML
  Rendering static/index.html.erb within layouts/application
  Rendered static/index.html.erb within layouts/application (3.0ms)
Completed 200 OK in 46ms (Views: 42.0ms | ActiveRecord: 0.0ms)


Started GET "/" for ::1 at 2021-03-17 20:54:09 +0100
Processing by StaticController#index as HTML
  Rendering static/index.html.erb within layouts/application
  Rendered static/index.html.erb within layouts/application (3.2ms)
Completed 200 OK in 80ms (Views: 78.1ms | ActiveRecord: 0.0ms)


Started GET "/" for ::1 at 2021-03-17 20:54:45 +0100
Processing by StaticController#index as HTML
  Rendering static/index.html.erb within layouts/application
  Rendered static/index.html.erb within layouts/application (3.8ms)
Completed 200 OK in 60ms (Views: 57.3ms | ActiveRecord: 0.0ms)


Started GET "/" for ::1 at 2021-03-17 20:54:59 +0100
Processing by StaticController#index as HTML
  Rendering static/index.html.erb within layouts/application
  Rendered static/index.html.erb within layouts/application (2.2ms)
Completed 200 OK in 56ms (Views: 54.7ms | ActiveRecord: 0.0ms)


Started GET "/" for ::1 at 2021-03-17 21:01:23 +0100
Processing by StaticController#index as HTML
  Rendering static/index.html.erb within layouts/application
  Rendered static/index.html.erb within layouts/application (1.9ms)
Completed 200 OK in 29ms (Views: 27.3ms | ActiveRecord: 0.0ms)


Started GET "/" for ::1 at 2021-03-17 21:01:34 +0100
Processing by StaticController#index as HTML
  Rendering static/index.html.erb within layouts/application
  Rendered static/index.html.erb within layouts/application (5.9ms)
Completed 200 OK in 48ms (Views: 42.6ms | ActiveRecord: 0.0ms)


Started GET "/" for ::1 at 2021-03-17 21:02:21 +0100
Processing by StaticController#index as HTML
  Rendering static/index.html.erb within layouts/application
  Rendered static/index.html.erb within layouts/application (3.5ms)
Completed 200 OK in 60ms (Views: 57.2ms | ActiveRecord: 0.0ms)


Started GET "/" for ::1 at 2021-03-17 21:04:10 +0100
Processing by StaticController#index as HTML
  Rendering static/index.html.erb within layouts/application
  Rendered static/index.html.erb within layouts/application (18.4ms)
Completed 200 OK in 47ms (Views: 45.7ms | ActiveRecord: 0.0ms)


Started GET "/" for ::1 at 2021-03-17 21:04:22 +0100
Processing by StaticController#index as HTML
  Rendering static/index.html.erb within layouts/application
  Rendered static/index.html.erb within layouts/application (3.3ms)
Completed 200 OK in 62ms (Views: 60.3ms | ActiveRecord: 0.0ms)


Started GET "/" for ::1 at 2021-03-17 21:06:31 +0100
Processing by StaticController#index as HTML
  Rendering static/index.html.erb within layouts/application
  Rendered static/index.html.erb within layouts/application (3.3ms)
Completed 200 OK in 39ms (Views: 37.5ms | ActiveRecord: 0.0ms)


Started GET "/" for ::1 at 2021-03-17 21:06:53 +0100
Processing by StaticController#index as HTML
  Rendering static/index.html.erb within layouts/application
  Rendered static/index.html.erb within layouts/application (4.3ms)
Completed 200 OK in 32ms (Views: 30.7ms | ActiveRecord: 0.0ms)


Started GET "/" for ::1 at 2021-03-17 21:10:15 +0100
Processing by StaticController#index as HTML
  Rendering static/index.html.erb within layouts/application
  Rendered static/index.html.erb within layouts/application (3.3ms)
Completed 200 OK in 27ms (Views: 25.9ms | ActiveRecord: 0.0ms)


Started GET "/" for ::1 at 2021-03-17 21:11:29 +0100
Processing by StaticController#index as HTML
  Rendering static/index.html.erb within layouts/application
  Rendered static/index.html.erb within layouts/application (3.6ms)
Completed 200 OK in 32ms (Views: 29.0ms | ActiveRecord: 0.0ms)


Started GET "/" for ::1 at 2021-03-17 21:12:25 +0100
Processing by StaticController#index as HTML
  Rendering static/index.html.erb within layouts/application
  Rendered static/index.html.erb within layouts/application (13.7ms)
Completed 200 OK in 43ms (Views: 41.9ms | ActiveRecord: 0.0ms)


Started GET "/" for ::1 at 2021-03-17 21:12:37 +0100
Processing by StaticController#index as HTML
  Rendering static/index.html.erb within layouts/application
  Rendered static/index.html.erb within layouts/application (5.6ms)
Completed 200 OK in 39ms (Views: 35.7ms | ActiveRecord: 0.0ms)


Started GET "/" for ::1 at 2021-03-17 21:26:10 +0100
Processing by StaticController#index as HTML
  Rendering static/index.html.erb within layouts/application
  Rendered static/index.html.erb within layouts/application (4.6ms)
Completed 200 OK in 50ms (Views: 47.4ms | ActiveRecord: 0.0ms)


Started GET "/" for ::1 at 2021-03-17 21:26:13 +0100
Processing by StaticController#index as HTML
  Rendering static/index.html.erb within layouts/application
  Rendered static/index.html.erb within layouts/application (5.6ms)
Completed 200 OK in 35ms (Views: 32.8ms | ActiveRecord: 0.0ms)


Started GET "/" for ::1 at 2021-03-17 21:26:19 +0100
Processing by StaticController#index as HTML
  Rendering static/index.html.erb within layouts/application
  Rendered static/index.html.erb within layouts/application (12.1ms)
Completed 200 OK in 97ms (Views: 90.5ms | ActiveRecord: 0.0ms)


Started GET "/" for ::1 at 2021-03-17 21:26:39 +0100
Processing by StaticController#index as HTML
  Rendering static/index.html.erb within layouts/application
  Rendered static/index.html.erb within layouts/application (20.4ms)
Completed 200 OK in 78ms (Views: 71.5ms | ActiveRecord: 0.0ms)


Started GET "/" for ::1 at 2021-03-17 21:27:14 +0100
Processing by StaticController#index as HTML
  Rendering static/index.html.erb within layouts/application
  Rendered static/index.html.erb within layouts/application (15.7ms)
Completed 200 OK in 149ms (Views: 142.7ms | ActiveRecord: 0.0ms)


Started GET "/" for ::1 at 2021-03-17 21:27:40 +0100
Processing by StaticController#index as HTML
  Rendering static/index.html.erb within layouts/application
  Rendered static/index.html.erb within layouts/application (18.3ms)
Completed 200 OK in 166ms (Views: 160.0ms | ActiveRecord: 0.0ms)


Started GET "/" for ::1 at 2021-03-17 21:32:33 +0100
Processing by StaticController#index as HTML
  Rendering static/index.html.erb within layouts/application
  Rendered static/index.html.erb within layouts/application (25.2ms)
Completed 200 OK in 80ms (Views: 71.9ms | ActiveRecord: 0.0ms)


Started GET "/" for ::1 at 2021-03-17 21:33:06 +0100
Processing by StaticController#index as HTML
  Rendering static/index.html.erb within layouts/application
  Rendered static/index.html.erb within layouts/application (19.7ms)
Completed 200 OK in 144ms (Views: 138.5ms | ActiveRecord: 0.0ms)


Started GET "/" for ::1 at 2021-03-17 21:33:22 +0100
Processing by StaticController#index as HTML
  Rendering static/index.html.erb within layouts/application
  Rendered static/index.html.erb within layouts/application (20.4ms)
Completed 200 OK in 166ms (Views: 160.9ms | ActiveRecord: 0.0ms)


Started GET "/" for ::1 at 2021-03-17 21:33:35 +0100
Processing by StaticController#index as HTML
  Rendering static/index.html.erb within layouts/application
  Rendered static/index.html.erb within layouts/application (24.4ms)
Completed 200 OK in 209ms (Views: 201.2ms | ActiveRecord: 0.0ms)


Started GET "/" for ::1 at 2021-03-17 21:34:54 +0100
Processing by StaticController#index as HTML
  Rendering static/index.html.erb within layouts/application
  Rendered static/index.html.erb within layouts/application (23.7ms)
Completed 200 OK in 122ms (Views: 117.8ms | ActiveRecord: 0.0ms)


Started GET "/" for ::1 at 2021-03-17 21:35:13 +0100
Processing by StaticController#index as HTML
  Rendering static/index.html.erb within layouts/application
  Rendered static/index.html.erb within layouts/application (5.2ms)
Completed 200 OK in 40ms (Views: 38.2ms | ActiveRecord: 0.0ms)


Started GET "/" for ::1 at 2021-03-17 21:35:30 +0100
Processing by StaticController#index as HTML
  Rendering static/index.html.erb within layouts/application
  Rendered static/index.html.erb within layouts/application (4.3ms)
Completed 200 OK in 57ms (Views: 54.4ms | ActiveRecord: 0.0ms)


Started GET "/" for ::1 at 2021-03-17 21:35:36 +0100
Processing by StaticController#index as HTML
  Rendering static/index.html.erb within layouts/application
  Rendered static/index.html.erb within layouts/application (19.3ms)
Completed 200 OK in 165ms (Views: 159.0ms | ActiveRecord: 0.0ms)


Started GET "/" for ::1 at 2021-03-17 21:35:41 +0100
Processing by StaticController#index as HTML
  Rendering static/index.html.erb within layouts/application
  Rendered static/index.html.erb within layouts/application (24.0ms)
Completed 200 OK in 209ms (Views: 205.8ms | ActiveRecord: 0.0ms)


Started GET "/" for ::1 at 2021-03-17 21:35:53 +0100
Processing by StaticController#index as HTML
  Rendering static/index.html.erb within layouts/application
  Rendered static/index.html.erb within layouts/application (28.1ms)
Completed 200 OK in 198ms (Views: 195.5ms | ActiveRecord: 0.0ms)


Started GET "/" for ::1 at 2021-03-17 21:36:08 +0100
Processing by StaticController#index as HTML
  Rendering static/index.html.erb within layouts/application
  Rendered static/index.html.erb within layouts/application (24.7ms)
Completed 200 OK in 148ms (Views: 141.1ms | ActiveRecord: 0.0ms)


Started GET "/" for ::1 at 2021-03-17 21:38:54 +0100
Processing by StaticController#index as HTML
  Rendering static/index.html.erb within layouts/application
  Rendered static/index.html.erb within layouts/application (7.9ms)
Completed 200 OK in 52ms (Views: 49.5ms | ActiveRecord: 0.0ms)


Started GET "/" for ::1 at 2021-03-17 21:40:20 +0100
Processing by StaticController#index as HTML
  Rendering static/index.html.erb within layouts/application
  Rendered static/index.html.erb within layouts/application (16.3ms)
Completed 200 OK in 50ms (Views: 46.7ms | ActiveRecord: 0.0ms)


Started GET "/" for ::1 at 2021-03-17 21:40:55 +0100
Processing by StaticController#index as HTML
  Rendering static/index.html.erb within layouts/application
  Rendered static/index.html.erb within layouts/application (23.3ms)
Completed 200 OK in 98ms (Views: 93.5ms | ActiveRecord: 0.0ms)


Started GET "/" for ::1 at 2021-03-17 21:41:16 +0100
Processing by StaticController#index as HTML
  Rendering static/index.html.erb within layouts/application
  Rendered static/index.html.erb within layouts/application (5.4ms)
Completed 200 OK in 63ms (Views: 60.6ms | ActiveRecord: 0.0ms)


Started GET "/" for ::1 at 2021-03-17 21:41:35 +0100
Processing by StaticController#index as HTML
  Rendering static/index.html.erb within layouts/application
  Rendered static/index.html.erb within layouts/application (5.4ms)
Completed 200 OK in 31ms (Views: 29.5ms | ActiveRecord: 0.0ms)


Started GET "/" for ::1 at 2021-03-17 21:43:03 +0100
Processing by StaticController#index as HTML
  Rendering static/index.html.erb within layouts/application
  Rendered static/index.html.erb within layouts/application (21.6ms)
Completed 200 OK in 114ms (Views: 108.7ms | ActiveRecord: 0.0ms)


Started GET "/" for ::1 at 2021-03-17 21:43:13 +0100
Processing by StaticController#index as HTML
  Rendering static/index.html.erb within layouts/application
  Rendered static/index.html.erb within layouts/application (4.6ms)
Completed 200 OK in 34ms (Views: 31.9ms | ActiveRecord: 0.0ms)


Started GET "/" for ::1 at 2021-03-17 21:43:37 +0100
Processing by StaticController#index as HTML
  Rendering static/index.html.erb within layouts/application
  Rendered static/index.html.erb within layouts/application (16.0ms)
Completed 200 OK in 140ms (Views: 133.9ms | ActiveRecord: 0.0ms)


Started GET "/" for ::1 at 2021-03-17 21:44:08 +0100
Processing by StaticController#index as HTML
  Rendering static/index.html.erb within layouts/application
  Rendered static/index.html.erb within layouts/application (19.3ms)
Completed 200 OK in 116ms (Views: 112.3ms | ActiveRecord: 0.0ms)


Started GET "/" for ::1 at 2021-03-17 21:44:23 +0100
Processing by StaticController#index as HTML
  Rendering static/index.html.erb within layouts/application
  Rendered static/index.html.erb within layouts/application (18.7ms)
Completed 200 OK in 146ms (Views: 140.6ms | ActiveRecord: 0.0ms)


Started GET "/" for ::1 at 2021-03-17 21:45:36 +0100
Processing by StaticController#index as HTML
  Rendering static/index.html.erb within layouts/application
  Rendered static/index.html.erb within layouts/application (4.6ms)
Completed 200 OK in 54ms (Views: 51.5ms | ActiveRecord: 0.0ms)


Started GET "/" for ::1 at 2021-03-17 21:55:08 +0100
Processing by StaticController#index as HTML
  Rendering static/index.html.erb within layouts/application
  Rendered static/index.html.erb within layouts/application (4.5ms)
Completed 200 OK in 59ms (Views: 57.1ms | ActiveRecord: 0.0ms)


